2020/11/01 20:04:51 completion.go:40: prompter: Input empty returning empty suggest
2020/11/01 20:04:51 completion.go:51: prompter: Full Input: A, Current Word: A, IsSpaced: false, Filtered Suggestions: "{ACL LOAD } {ACL SAVE } {ACL LIST } {ACL USERS } {ACL GETUSER username } Length: 14"
2020/11/01 20:05:03 completion.go:40: prompter: Input empty returning empty suggest
2020/11/01 20:05:03 completion.go:51: prompter: Full Input: AC, Current Word: AC, IsSpaced: false, Filtered Suggestions: "{ACL LOAD } {ACL SAVE } {ACL LIST } {ACL USERS } {ACL GETUSER username } Length: 12"
2020/11/01 20:05:03 completion.go:40: prompter: Input empty returning empty suggest
2020/11/01 20:05:03 completion.go:51: prompter: Full Input: ACL, Current Word: ACL, IsSpaced: false, Filtered Suggestions: "{ACL LOAD } {ACL SAVE } {ACL LIST } {ACL USERS } {ACL GETUSER username } Length: 12"
2020/11/01 20:05:04 completion.go:40: prompter: Input empty returning empty suggest
2020/11/01 20:05:04 completion.go:51: prompter: Full Input: ACL, Current Word: , IsSpaced: false, Filtered Suggestions: "{ACL LOAD } {ACL SAVE } {ACL LIST } {ACL USERS } {ACL GETUSER username } Length: 12"
2020/11/01 20:05:08 completion.go:40: prompter: Input empty returning empty suggest
2020/11/01 20:05:08 completion.go:64: prompter: Full Input: ACL L, Current Word: L, Prefix: ACL, IsSpaced: true, Filtered Suggestions: " Length: 0"
2020/11/01 20:05:22 completion.go:40: prompter: Input empty returning empty suggest
2020/11/01 20:05:22 completion.go:64: prompter: Full Input: ACL La, Current Word: La, Prefix: ACL, IsSpaced: true, Filtered Suggestions: " Length: 0"
2020/11/01 20:05:25 completion.go:40: prompter: Input empty returning empty suggest
2020/11/01 20:05:25 completion.go:64: prompter: Full Input: ACL L, Current Word: L, Prefix: ACL, IsSpaced: true, Filtered Suggestions: " Length: 0"
2020/11/01 20:05:25 completion.go:40: prompter: Input empty returning empty suggest
2020/11/01 20:05:25 completion.go:64: prompter: Full Input: ACL Lo, Current Word: Lo, Prefix: ACL, IsSpaced: true, Filtered Suggestions: " Length: 0"
2020/11/01 20:05:27 completion.go:40: prompter: Input empty returning empty suggest
2020/11/01 20:05:27 completion.go:64: prompter: Full Input: ACL L, Current Word: L, Prefix: ACL, IsSpaced: true, Filtered Suggestions: " Length: 0"
2020/11/01 20:05:28 completion.go:40: prompter: Input empty returning empty suggest
2020/11/01 20:05:28 completion.go:51: prompter: Full Input: ACL, Current Word: , IsSpaced: false, Filtered Suggestions: "{ACL LOAD } {ACL SAVE } {ACL LIST } {ACL USERS } {ACL GETUSER username } Length: 12"
2020/11/01 20:05:30 completion.go:40: prompter: Input empty returning empty suggest
2020/11/01 20:05:30 completion.go:51: prompter: Full Input: ACL, Current Word: ACL, IsSpaced: false, Filtered Suggestions: "{ACL LOAD } {ACL SAVE } {ACL LIST } {ACL USERS } {ACL GETUSER username } Length: 12"
2020/11/01 20:05:37 completion.go:40: prompter: Input empty returning empty suggest
2020/11/01 20:05:37 completion.go:51: prompter: Full Input: ACL, Current Word: , IsSpaced: false, Filtered Suggestions: "{ACL LOAD } {ACL SAVE } {ACL LIST } {ACL USERS } {ACL GETUSER username } Length: 12"
2020/11/01 20:05:41 completion.go:40: prompter: Input empty returning empty suggest
2020/11/01 20:05:41 completion.go:51: prompter: Full Input: ACL, Current Word: ACL, IsSpaced: false, Filtered Suggestions: "{ACL LOAD } {ACL SAVE } {ACL LIST } {ACL USERS } {ACL GETUSER username } Length: 12"
2020/11/01 20:05:41 completion.go:40: prompter: Input empty returning empty suggest
2020/11/01 20:05:41 completion.go:51: prompter: Full Input: AC, Current Word: AC, IsSpaced: false, Filtered Suggestions: "{ACL LOAD } {ACL SAVE } {ACL LIST } {ACL USERS } {ACL GETUSER username } Length: 12"
2020/11/01 20:05:41 completion.go:40: prompter: Input empty returning empty suggest
2020/11/01 20:05:41 completion.go:51: prompter: Full Input: A, Current Word: A, IsSpaced: false, Filtered Suggestions: "{ACL LOAD } {ACL SAVE } {ACL LIST } {ACL USERS } {ACL GETUSER username } Length: 14"
2020/11/01 20:05:41 completion.go:40: prompter: Input empty returning empty suggest
2020/11/01 20:05:41 completion.go:40: prompter: Input empty returning empty suggest
2020/11/01 20:05:41 completion.go:40: prompter: Input empty returning empty suggest
2020/11/01 20:05:41 completion.go:40: prompter: Input empty returning empty suggest
2020/11/01 20:05:43 completion.go:40: prompter: Input empty returning empty suggest
2020/11/01 20:05:43 completion.go:40: prompter: Input empty returning empty suggest
2020/11/01 20:05:43 completion.go:40: prompter: Input empty returning empty suggest
2020/11/01 20:05:43 completion.go:40: prompter: Input empty returning empty suggest
2020/11/01 20:05:44 completion.go:40: prompter: Input empty returning empty suggest
2020/11/01 20:05:44 completion.go:40: prompter: Input empty returning empty suggest
2020/11/01 20:05:44 completion.go:40: prompter: Input empty returning empty suggest
2020/11/01 20:05:44 completion.go:40: prompter: Input empty returning empty suggest
2020/11/01 20:05:44 completion.go:40: prompter: Input empty returning empty suggest
2020/11/01 20:05:44 completion.go:40: prompter: Input empty returning empty suggest
2020/11/01 20:05:44 completion.go:40: prompter: Input empty returning empty suggest
2020/11/01 20:05:44 completion.go:40: prompter: Input empty returning empty suggest
2020/11/01 20:05:45 completion.go:40: prompter: Input empty returning empty suggest
2020/11/01 20:05:45 completion.go:51: prompter: Full Input: A, Current Word: A, IsSpaced: false, Filtered Suggestions: "{ACL LOAD } {ACL SAVE } {ACL LIST } {ACL USERS } {ACL GETUSER username } Length: 14"
2020/11/01 20:05:46 completion.go:40: prompter: Input empty returning empty suggest
2020/11/01 20:05:46 completion.go:51: prompter: Full Input: AC, Current Word: AC, IsSpaced: false, Filtered Suggestions: "{ACL LOAD } {ACL SAVE } {ACL LIST } {ACL USERS } {ACL GETUSER username } Length: 12"
2020/11/01 20:05:47 completion.go:40: prompter: Input empty returning empty suggest
2020/11/01 20:05:47 completion.go:51: prompter: Full Input: ACL, Current Word: ACL, IsSpaced: false, Filtered Suggestions: "{ACL LOAD } {ACL SAVE } {ACL LIST } {ACL USERS } {ACL GETUSER username } Length: 12"
2020/11/01 20:05:49 completion.go:40: prompter: Input empty returning empty suggest
2020/11/01 20:05:49 completion.go:51: prompter: Full Input: ACL, Current Word: , IsSpaced: false, Filtered Suggestions: "{ACL LOAD } {ACL SAVE } {ACL LIST } {ACL USERS } {ACL GETUSER username } Length: 12"
2020/11/01 20:05:51 completion.go:40: prompter: Input empty returning empty suggest
2020/11/01 20:05:51 completion.go:64: prompter: Full Input: ACL L, Current Word: L, Prefix: ACL, IsSpaced: true, Filtered Suggestions: " Length: 0"
2020/11/01 20:08:29 completion.go:40: prompter: Input empty returning empty suggest
2020/11/01 20:08:29 completion.go:40: prompter: Input empty returning empty suggest
2020/11/01 20:08:30 completion.go:40: prompter: Input empty returning empty suggest
2020/11/01 20:08:40 completion.go:40: prompter: Input empty returning empty suggest
2020/11/01 20:08:40 completion.go:50: prompter: Filtered List of Suggestions: "{ACL LOAD } {ACL SAVE } {ACL LIST } {ACL USERS } {ACL GETUSER username } Length: 14"
2020/11/01 20:08:40 completion.go:52: prompter: Full Input: A, Current Word: A, IsSpaced: false, Filtered Suggestions: "{ACL LOAD } {ACL SAVE } {ACL LIST } {ACL USERS } {ACL GETUSER username } Length: 14"
2020/11/01 20:08:41 completion.go:40: prompter: Input empty returning empty suggest
2020/11/01 20:08:41 completion.go:50: prompter: Filtered List of Suggestions: "{ACL LOAD } {ACL SAVE } {ACL LIST } {ACL USERS } {ACL GETUSER username } Length: 12"
2020/11/01 20:08:41 completion.go:52: prompter: Full Input: AC, Current Word: AC, IsSpaced: false, Filtered Suggestions: "{ACL LOAD } {ACL SAVE } {ACL LIST } {ACL USERS } {ACL GETUSER username } Length: 12"
2020/11/01 20:08:41 completion.go:40: prompter: Input empty returning empty suggest
2020/11/01 20:08:41 completion.go:50: prompter: Filtered List of Suggestions: "{ACL LOAD } {ACL SAVE } {ACL LIST } {ACL USERS } {ACL GETUSER username } Length: 12"
2020/11/01 20:08:41 completion.go:52: prompter: Full Input: ACL, Current Word: ACL, IsSpaced: false, Filtered Suggestions: "{ACL LOAD } {ACL SAVE } {ACL LIST } {ACL USERS } {ACL GETUSER username } Length: 12"
2020/11/01 20:08:42 completion.go:40: prompter: Input empty returning empty suggest
2020/11/01 20:08:42 completion.go:50: prompter: Filtered List of Suggestions: "{ACL LOAD } {ACL SAVE } {ACL LIST } {ACL USERS } {ACL GETUSER username } Length: 12"
2020/11/01 20:08:42 completion.go:52: prompter: Full Input: ACL, Current Word: , IsSpaced: false, Filtered Suggestions: "{ACL LOAD } {ACL SAVE } {ACL LIST } {ACL USERS } {ACL GETUSER username } Length: 12"
2020/11/01 20:08:43 completion.go:40: prompter: Input empty returning empty suggest
2020/11/01 20:08:43 completion.go:50: prompter: Filtered List of Suggestions: "{ACL LOAD } {ACL LIST } {ACL LOG [ count or RESET ] } Length: 3"
2020/11/01 20:08:43 completion.go:65: prompter: Full Input: ACL L, Current Word: L, Prefix: ACL, IsSpaced: true, Filtered Suggestions: " Length: 0"
2020/11/01 20:09:03 completion.go:40: prompter: Input empty returning empty suggest
2020/11/01 20:09:03 completion.go:50: prompter: Filtered List of Suggestions: "{ACL LOAD } {ACL LOG [ count or RESET ] } Length: 2"
2020/11/01 20:09:03 completion.go:65: prompter: Full Input: ACL LO, Current Word: LO, Prefix: ACL, IsSpaced: true, Filtered Suggestions: " Length: 0"
2020/11/01 20:09:20 completion.go:40: prompter: Input empty returning empty suggest
2020/11/01 20:09:20 completion.go:40: prompter: Input empty returning empty suggest
2020/11/01 20:09:21 completion.go:40: prompter: Input empty returning empty suggest
2020/11/01 20:38:56 completion.go:40: prompter: Input empty returning empty suggest
2020/11/01 20:38:56 completion.go:50: prompter: Filtered List of Suggestions: "{ACL LOAD } {ACL SAVE } {ACL LIST } {ACL USERS } {ACL GETUSER username } Length: 14"
2020/11/01 20:38:56 completion.go:52: prompter: Full Input: A, Current Word: A, IsSpaced: false, Filtered Suggestions: "{ACL LOAD } {ACL SAVE } {ACL LIST } {ACL USERS } {ACL GETUSER username } Length: 14"
2020/11/01 20:38:56 completion.go:40: prompter: Input empty returning empty suggest
2020/11/01 20:38:56 completion.go:50: prompter: Filtered List of Suggestions: "{ACL LOAD } {ACL SAVE } {ACL LIST } {ACL USERS } {ACL GETUSER username } Length: 12"
2020/11/01 20:38:56 completion.go:52: prompter: Full Input: AC, Current Word: AC, IsSpaced: false, Filtered Suggestions: "{ACL LOAD } {ACL SAVE } {ACL LIST } {ACL USERS } {ACL GETUSER username } Length: 12"
2020/11/01 20:38:57 completion.go:40: prompter: Input empty returning empty suggest
2020/11/01 20:38:57 completion.go:50: prompter: Filtered List of Suggestions: "{ACL LOAD } {ACL SAVE } {ACL LIST } {ACL USERS } {ACL GETUSER username } Length: 12"
2020/11/01 20:38:57 completion.go:52: prompter: Full Input: ACL, Current Word: ACL, IsSpaced: false, Filtered Suggestions: "{ACL LOAD } {ACL SAVE } {ACL LIST } {ACL USERS } {ACL GETUSER username } Length: 12"
2020/11/01 20:38:58 completion.go:40: prompter: Input empty returning empty suggest
2020/11/01 20:38:58 completion.go:50: prompter: Filtered List of Suggestions: "{ACL LOAD } {ACL SAVE } {ACL LIST } {ACL USERS } {ACL GETUSER username } Length: 12"
2020/11/01 20:38:58 completion.go:52: prompter: Full Input: ACL, Current Word: , IsSpaced: false, Filtered Suggestions: "{ACL LOAD } {ACL SAVE } {ACL LIST } {ACL USERS } {ACL GETUSER username } Length: 12"
2020/11/01 20:38:59 completion.go:40: prompter: Input empty returning empty suggest
2020/11/01 20:38:59 completion.go:50: prompter: Filtered List of Suggestions: "{ACL LOAD } {ACL LIST } {ACL LOG [ count or RESET ] } Length: 3"
2020/11/01 20:38:59 completion.go:59: prompter: Replaced Text:  LOAD 
2020/11/01 20:38:59 completion.go:59: prompter: Replaced Text:  LIST 
2020/11/01 20:38:59 completion.go:59: prompter: Replaced Text:  LOG 
2020/11/01 20:38:59 completion.go:67: prompter: Full Input: ACL L, Current Word: L, Prefix: ACL, IsSpaced: true, Filtered Suggestions: " Length: 0"
2020/11/01 20:39:14 completion.go:40: prompter: Input empty returning empty suggest
2020/11/01 20:39:14 completion.go:40: prompter: Input empty returning empty suggest
2020/11/01 20:39:15 completion.go:40: prompter: Input empty returning empty suggest
2020/11/01 20:41:11 completion.go:40: prompter: Input empty returning empty suggest
2020/11/01 20:41:11 completion.go:50: prompter: Filtered List of Suggestions: "{ACL LOAD } {ACL SAVE } {ACL LIST } {ACL USERS } {ACL GETUSER username } Length: 14"
2020/11/01 20:41:11 completion.go:52: prompter: Full Input: A, Current Word: A, IsSpaced: false, Filtered Suggestions: "{ACL LOAD } {ACL SAVE } {ACL LIST } {ACL USERS } {ACL GETUSER username } Length: 14"
2020/11/01 20:41:12 completion.go:40: prompter: Input empty returning empty suggest
2020/11/01 20:41:12 completion.go:50: prompter: Filtered List of Suggestions: "{ACL LOAD } {ACL SAVE } {ACL LIST } {ACL USERS } {ACL GETUSER username } Length: 12"
2020/11/01 20:41:12 completion.go:52: prompter: Full Input: AC, Current Word: AC, IsSpaced: false, Filtered Suggestions: "{ACL LOAD } {ACL SAVE } {ACL LIST } {ACL USERS } {ACL GETUSER username } Length: 12"
2020/11/01 20:41:12 completion.go:40: prompter: Input empty returning empty suggest
2020/11/01 20:41:12 completion.go:50: prompter: Filtered List of Suggestions: "{ACL LOAD } {ACL SAVE } {ACL LIST } {ACL USERS } {ACL GETUSER username } Length: 12"
2020/11/01 20:41:12 completion.go:52: prompter: Full Input: ACL, Current Word: ACL, IsSpaced: false, Filtered Suggestions: "{ACL LOAD } {ACL SAVE } {ACL LIST } {ACL USERS } {ACL GETUSER username } Length: 12"
2020/11/01 20:41:12 completion.go:40: prompter: Input empty returning empty suggest
2020/11/01 20:41:12 completion.go:50: prompter: Filtered List of Suggestions: "{ACL LOAD } {ACL SAVE } {ACL LIST } {ACL USERS } {ACL GETUSER username } Length: 12"
2020/11/01 20:41:12 completion.go:52: prompter: Full Input: ACL, Current Word: , IsSpaced: false, Filtered Suggestions: "{ACL LOAD } {ACL SAVE } {ACL LIST } {ACL USERS } {ACL GETUSER username } Length: 12"
2020/11/01 20:41:13 completion.go:40: prompter: Input empty returning empty suggest
2020/11/01 20:41:13 completion.go:50: prompter: Filtered List of Suggestions: "{ACL LOAD } {ACL LIST } {ACL LOG [ count or RESET ] } Length: 3"
2020/11/01 20:41:13 completion.go:59: prompter: Replaced Text: LOAD 
2020/11/01 20:41:13 completion.go:59: prompter: Replaced Text: LIST 
2020/11/01 20:41:13 completion.go:59: prompter: Replaced Text: LOG 
2020/11/01 20:41:13 completion.go:67: prompter: Full Input: ACL L, Current Word: L, Prefix: ACL, IsSpaced: true, Filtered Suggestions: "{LOAD } {LIST } {LOG [ count or RESET ] } Length: 3"
2020/11/01 20:41:16 completion.go:40: prompter: Input empty returning empty suggest
2020/11/01 20:41:16 completion.go:50: prompter: Filtered List of Suggestions: "{ACL LOAD } {ACL LOG [ count or RESET ] } Length: 2"
2020/11/01 20:41:16 completion.go:59: prompter: Replaced Text: LOAD 
2020/11/01 20:41:16 completion.go:59: prompter: Replaced Text: LOG 
2020/11/01 20:41:16 completion.go:67: prompter: Full Input: ACL LO, Current Word: LO, Prefix: ACL, IsSpaced: true, Filtered Suggestions: "{LOAD } {LOG [ count or RESET ] } Length: 2"
2020/11/01 20:41:17 completion.go:50: prompter: Filtered List of Suggestions: "{ACL LOAD } {ACL LOG [ count or RESET ] } Length: 2"
2020/11/01 20:41:17 completion.go:59: prompter: Replaced Text: LOAD 
2020/11/01 20:41:17 completion.go:59: prompter: Replaced Text: LOG 
2020/11/01 20:41:17 completion.go:67: prompter: Full Input: ACL LO, Current Word: LO, Prefix: ACL, IsSpaced: true, Filtered Suggestions: "{LOAD } {LOG [ count or RESET ] } Length: 2"
2020/11/01 20:41:19 completion.go:40: prompter: Input empty returning empty suggest
2020/11/01 20:41:19 completion.go:40: prompter: Input empty returning empty suggest
2020/11/01 20:41:20 completion.go:40: prompter: Input empty returning empty suggest
2020/11/01 20:41:20 completion.go:50: prompter: Filtered List of Suggestions: "{ACL LOAD } {ACL SAVE } {ACL LIST } {ACL USERS } {ACL GETUSER username } Length: 14"
2020/11/01 20:41:20 completion.go:52: prompter: Full Input: A, Current Word: A, IsSpaced: false, Filtered Suggestions: "{ACL LOAD } {ACL SAVE } {ACL LIST } {ACL USERS } {ACL GETUSER username } Length: 14"
2020/11/01 20:41:21 completion.go:40: prompter: Input empty returning empty suggest
2020/11/01 20:41:21 completion.go:50: prompter: Filtered List of Suggestions: "{ACL LOAD } {ACL SAVE } {ACL LIST } {ACL USERS } {ACL GETUSER username } Length: 12"
2020/11/01 20:41:21 completion.go:52: prompter: Full Input: AC, Current Word: AC, IsSpaced: false, Filtered Suggestions: "{ACL LOAD } {ACL SAVE } {ACL LIST } {ACL USERS } {ACL GETUSER username } Length: 12"
2020/11/01 20:41:21 completion.go:40: prompter: Input empty returning empty suggest
2020/11/01 20:41:21 completion.go:50: prompter: Filtered List of Suggestions: "{ACL LOAD } {ACL SAVE } {ACL LIST } {ACL USERS } {ACL GETUSER username } Length: 12"
2020/11/01 20:41:21 completion.go:52: prompter: Full Input: ACL, Current Word: ACL, IsSpaced: false, Filtered Suggestions: "{ACL LOAD } {ACL SAVE } {ACL LIST } {ACL USERS } {ACL GETUSER username } Length: 12"
2020/11/01 20:41:21 completion.go:50: prompter: Filtered List of Suggestions: "{ACL LOAD } {ACL SAVE } {ACL LIST } {ACL USERS } {ACL GETUSER username } Length: 12"
2020/11/01 20:41:21 completion.go:52: prompter: Full Input: ACL, Current Word: ACL, IsSpaced: false, Filtered Suggestions: "{ACL LOAD } {ACL SAVE } {ACL LIST } {ACL USERS } {ACL GETUSER username } Length: 12"
2020/11/01 20:41:22 completion.go:40: prompter: Input empty returning empty suggest
2020/11/01 20:41:22 completion.go:40: prompter: Input empty returning empty suggest
2020/11/01 20:41:23 completion.go:40: prompter: Input empty returning empty suggest
2020/11/01 20:41:23 completion.go:50: prompter: Filtered List of Suggestions: "{ACL LOAD } {ACL SAVE } {ACL LIST } {ACL USERS } {ACL GETUSER username } Length: 14"
2020/11/01 20:41:23 completion.go:52: prompter: Full Input: A, Current Word: A, IsSpaced: false, Filtered Suggestions: "{ACL LOAD } {ACL SAVE } {ACL LIST } {ACL USERS } {ACL GETUSER username } Length: 14"
2020/11/01 20:41:23 completion.go:40: prompter: Input empty returning empty suggest
2020/11/01 20:41:23 completion.go:50: prompter: Filtered List of Suggestions: " Length: 0"
2020/11/01 20:41:23 completion.go:52: prompter: Full Input: AL, Current Word: AL, IsSpaced: false, Filtered Suggestions: " Length: 0"
2020/11/01 20:41:23 completion.go:40: prompter: Input empty returning empty suggest
2020/11/01 20:41:23 completion.go:50: prompter: Filtered List of Suggestions: "{ACL LOAD } {ACL SAVE } {ACL LIST } {ACL USERS } {ACL GETUSER username } Length: 14"
2020/11/01 20:41:23 completion.go:52: prompter: Full Input: A, Current Word: A, IsSpaced: false, Filtered Suggestions: "{ACL LOAD } {ACL SAVE } {ACL LIST } {ACL USERS } {ACL GETUSER username } Length: 14"
2020/11/01 20:41:24 completion.go:40: prompter: Input empty returning empty suggest
2020/11/01 20:41:24 completion.go:50: prompter: Filtered List of Suggestions: "{ACL LOAD } {ACL SAVE } {ACL LIST } {ACL USERS } {ACL GETUSER username } Length: 12"
2020/11/01 20:41:24 completion.go:52: prompter: Full Input: AC, Current Word: AC, IsSpaced: false, Filtered Suggestions: "{ACL LOAD } {ACL SAVE } {ACL LIST } {ACL USERS } {ACL GETUSER username } Length: 12"
2020/11/01 20:41:24 completion.go:40: prompter: Input empty returning empty suggest
2020/11/01 20:41:24 completion.go:50: prompter: Filtered List of Suggestions: "{ACL LOAD } {ACL SAVE } {ACL LIST } {ACL USERS } {ACL GETUSER username } Length: 12"
2020/11/01 20:41:24 completion.go:52: prompter: Full Input: ACL, Current Word: ACL, IsSpaced: false, Filtered Suggestions: "{ACL LOAD } {ACL SAVE } {ACL LIST } {ACL USERS } {ACL GETUSER username } Length: 12"
2020/11/01 20:41:24 completion.go:40: prompter: Input empty returning empty suggest
2020/11/01 20:41:24 completion.go:50: prompter: Filtered List of Suggestions: "{ACL LOAD } {ACL SAVE } {ACL LIST } {ACL USERS } {ACL GETUSER username } Length: 12"
2020/11/01 20:41:24 completion.go:52: prompter: Full Input: ACL, Current Word: , IsSpaced: false, Filtered Suggestions: "{ACL LOAD } {ACL SAVE } {ACL LIST } {ACL USERS } {ACL GETUSER username } Length: 12"
2020/11/01 20:41:25 completion.go:40: prompter: Input empty returning empty suggest
2020/11/01 20:41:25 completion.go:50: prompter: Filtered List of Suggestions: "{ACL LOAD } {ACL SAVE } {ACL LIST } {ACL USERS } {ACL GETUSER username } Length: 12"
2020/11/01 20:41:25 completion.go:52: prompter: Full Input: ACL, Current Word: , IsSpaced: false, Filtered Suggestions: "{ACL LOAD } {ACL SAVE } {ACL LIST } {ACL USERS } {ACL GETUSER username } Length: 12"
2020/11/01 20:41:25 completion.go:40: prompter: Input empty returning empty suggest
2020/11/01 20:41:25 completion.go:50: prompter: Filtered List of Suggestions: " Length: 0"
2020/11/01 20:41:25 completion.go:67: prompter: Full Input: ACL  L, Current Word: L, Prefix: ACL, IsSpaced: true, Filtered Suggestions: " Length: 0"
2020/11/01 20:42:06 completion.go:40: prompter: Input empty returning empty suggest
2020/11/01 20:42:06 completion.go:50: prompter: Filtered List of Suggestions: " Length: 0"
2020/11/01 20:42:06 completion.go:67: prompter: Full Input: ACL  LO, Current Word: LO, Prefix: ACL, IsSpaced: true, Filtered Suggestions: " Length: 0"
2020/11/01 20:42:11 completion.go:40: prompter: Input empty returning empty suggest
2020/11/01 20:42:11 completion.go:50: prompter: Filtered List of Suggestions: " Length: 0"
2020/11/01 20:42:11 completion.go:67: prompter: Full Input: ACL  LOA, Current Word: LOA, Prefix: ACL, IsSpaced: true, Filtered Suggestions: " Length: 0"
2020/11/01 20:42:11 completion.go:40: prompter: Input empty returning empty suggest
2020/11/01 20:42:11 completion.go:50: prompter: Filtered List of Suggestions: " Length: 0"
2020/11/01 20:42:11 completion.go:67: prompter: Full Input: ACL  LOAD, Current Word: LOAD, Prefix: ACL, IsSpaced: true, Filtered Suggestions: " Length: 0"
2020/11/01 20:42:12 completion.go:40: prompter: Input empty returning empty suggest
2020/11/01 20:42:12 completion.go:40: prompter: Input empty returning empty suggest
2020/11/01 20:42:14 completion.go:40: prompter: Input empty returning empty suggest
2020/11/01 20:43:42 completion.go:40: prompter: Input empty returning empty suggest
2020/11/01 20:43:42 completion.go:51: prompter: Filtered List of Suggestions: "{ACL LOAD } {ACL SAVE } {ACL LIST } {ACL USERS } {ACL GETUSER username } Length: 14"
2020/11/01 20:43:42 completion.go:53: prompter: Full Input: A, Current Word: A, IsSpaced: false, Filtered Suggestions: "{ACL LOAD } {ACL SAVE } {ACL LIST } {ACL USERS } {ACL GETUSER username } Length: 14"
2020/11/01 20:43:42 completion.go:40: prompter: Input empty returning empty suggest
2020/11/01 20:43:42 completion.go:51: prompter: Filtered List of Suggestions: "{ACL LOAD } {ACL SAVE } {ACL LIST } {ACL USERS } {ACL GETUSER username } Length: 12"
2020/11/01 20:43:42 completion.go:53: prompter: Full Input: AC, Current Word: AC, IsSpaced: false, Filtered Suggestions: "{ACL LOAD } {ACL SAVE } {ACL LIST } {ACL USERS } {ACL GETUSER username } Length: 12"
2020/11/01 20:43:43 completion.go:40: prompter: Input empty returning empty suggest
2020/11/01 20:43:43 completion.go:51: prompter: Filtered List of Suggestions: "{ACL LOAD } {ACL SAVE } {ACL LIST } {ACL USERS } {ACL GETUSER username } Length: 12"
2020/11/01 20:43:43 completion.go:53: prompter: Full Input: ACL, Current Word: ACL, IsSpaced: false, Filtered Suggestions: "{ACL LOAD } {ACL SAVE } {ACL LIST } {ACL USERS } {ACL GETUSER username } Length: 12"
2020/11/01 20:43:43 completion.go:40: prompter: Input empty returning empty suggest
2020/11/01 20:43:43 completion.go:51: prompter: Filtered List of Suggestions: "{ACL LOAD } {ACL SAVE } {ACL LIST } {ACL USERS } {ACL GETUSER username } Length: 12"
2020/11/01 20:43:43 completion.go:53: prompter: Full Input: ACL, Current Word: , IsSpaced: false, Filtered Suggestions: "{ACL LOAD } {ACL SAVE } {ACL LIST } {ACL USERS } {ACL GETUSER username } Length: 12"
2020/11/01 20:43:44 completion.go:40: prompter: Input empty returning empty suggest
2020/11/01 20:43:44 completion.go:51: prompter: Filtered List of Suggestions: "{ACL LOAD } {ACL SAVE } {ACL LIST } {ACL USERS } {ACL GETUSER username } Length: 12"
2020/11/01 20:43:44 completion.go:53: prompter: Full Input: ACL, Current Word: , IsSpaced: false, Filtered Suggestions: "{ACL LOAD } {ACL SAVE } {ACL LIST } {ACL USERS } {ACL GETUSER username } Length: 12"
2020/11/01 20:43:45 completion.go:40: prompter: Input empty returning empty suggest
2020/11/01 20:43:45 completion.go:51: prompter: Filtered List of Suggestions: "{ACL LOAD } {ACL LIST } {ACL LOG [ count or RESET ] } Length: 3"
2020/11/01 20:43:45 completion.go:60: prompter: Replaced Text: LOAD 
2020/11/01 20:43:45 completion.go:60: prompter: Replaced Text: LIST 
2020/11/01 20:43:45 completion.go:60: prompter: Replaced Text: LOG 
2020/11/01 20:43:45 completion.go:68: prompter: Full Input: ACL L, Current Word: L, Prefix: ACL, IsSpaced: true, Filtered Suggestions: "{LOAD } {LIST } {LOG [ count or RESET ] } Length: 3"
2020/11/01 20:43:47 completion.go:40: prompter: Input empty returning empty suggest
2020/11/01 20:43:47 completion.go:51: prompter: Filtered List of Suggestions: "{ACL LOAD } {ACL LOG [ count or RESET ] } Length: 2"
2020/11/01 20:43:47 completion.go:60: prompter: Replaced Text: LOAD 
2020/11/01 20:43:47 completion.go:60: prompter: Replaced Text: LOG 
2020/11/01 20:43:47 completion.go:68: prompter: Full Input: ACL LO, Current Word: LO, Prefix: ACL, IsSpaced: true, Filtered Suggestions: "{LOAD } {LOG [ count or RESET ] } Length: 2"
2020/11/01 20:43:47 completion.go:51: prompter: Filtered List of Suggestions: "{ACL LOAD } {ACL LOG [ count or RESET ] } Length: 2"
2020/11/01 20:43:47 completion.go:60: prompter: Replaced Text: LOAD 
2020/11/01 20:43:47 completion.go:60: prompter: Replaced Text: LOG 
2020/11/01 20:43:47 completion.go:68: prompter: Full Input: ACL LO, Current Word: LO, Prefix: ACL, IsSpaced: true, Filtered Suggestions: "{LOAD } {LOG [ count or RESET ] } Length: 2"
2020/11/01 20:43:48 completion.go:40: prompter: Input empty returning empty suggest
2020/11/01 20:43:48 completion.go:40: prompter: Input empty returning empty suggest
2020/11/01 20:43:53 completion.go:40: prompter: Input empty returning empty suggest
2020/11/01 20:43:53 completion.go:40: prompter: Input empty returning empty suggest
2020/11/01 20:43:54 completion.go:40: prompter: Input empty returning empty suggest
2020/11/01 20:43:54 completion.go:40: prompter: Input empty returning empty suggest
2020/11/01 20:43:57 completion.go:40: prompter: Input empty returning empty suggest
2020/11/01 20:43:57 completion.go:40: prompter: Input empty returning empty suggest
2020/11/01 20:43:58 completion.go:40: prompter: Input empty returning empty suggest
2020/11/01 20:43:58 completion.go:51: prompter: Filtered List of Suggestions: "{ACL LOAD } {ACL SAVE } {ACL LIST } {ACL USERS } {ACL GETUSER username } Length: 14"
2020/11/01 20:43:58 completion.go:53: prompter: Full Input: A, Current Word: A, IsSpaced: false, Filtered Suggestions: "{ACL LOAD } {ACL SAVE } {ACL LIST } {ACL USERS } {ACL GETUSER username } Length: 14"
2020/11/01 20:44:00 completion.go:40: prompter: Input empty returning empty suggest
2020/11/01 20:44:00 completion.go:51: prompter: Filtered List of Suggestions: "{ACL LOAD } {ACL SAVE } {ACL LIST } {ACL USERS } {ACL GETUSER username } Length: 12"
2020/11/01 20:44:00 completion.go:53: prompter: Full Input: AC, Current Word: AC, IsSpaced: false, Filtered Suggestions: "{ACL LOAD } {ACL SAVE } {ACL LIST } {ACL USERS } {ACL GETUSER username } Length: 12"
2020/11/01 20:44:00 completion.go:40: prompter: Input empty returning empty suggest
2020/11/01 20:44:00 completion.go:51: prompter: Filtered List of Suggestions: "{ACL LOAD } {ACL SAVE } {ACL LIST } {ACL USERS } {ACL GETUSER username } Length: 12"
2020/11/01 20:44:00 completion.go:53: prompter: Full Input: ACL, Current Word: ACL, IsSpaced: false, Filtered Suggestions: "{ACL LOAD } {ACL SAVE } {ACL LIST } {ACL USERS } {ACL GETUSER username } Length: 12"
2020/11/01 20:44:01 completion.go:40: prompter: Input empty returning empty suggest
2020/11/01 20:44:01 completion.go:51: prompter: Filtered List of Suggestions: "{ACL LOAD } {ACL SAVE } {ACL LIST } {ACL USERS } {ACL GETUSER username } Length: 12"
2020/11/01 20:44:01 completion.go:53: prompter: Full Input: ACL, Current Word: , IsSpaced: false, Filtered Suggestions: "{ACL LOAD } {ACL SAVE } {ACL LIST } {ACL USERS } {ACL GETUSER username } Length: 12"
2020/11/01 20:44:01 completion.go:40: prompter: Input empty returning empty suggest
2020/11/01 20:44:01 completion.go:51: prompter: Filtered List of Suggestions: "{ACL LOAD } {ACL LIST } {ACL LOG [ count or RESET ] } Length: 3"
2020/11/01 20:44:01 completion.go:60: prompter: Replaced Text: LOAD 
2020/11/01 20:44:01 completion.go:60: prompter: Replaced Text: LIST 
2020/11/01 20:44:01 completion.go:60: prompter: Replaced Text: LOG 
2020/11/01 20:44:01 completion.go:68: prompter: Full Input: ACL L, Current Word: L, Prefix: ACL, IsSpaced: true, Filtered Suggestions: "{LOAD } {LIST } {LOG [ count or RESET ] } Length: 3"
2020/11/01 20:44:02 completion.go:40: prompter: Input empty returning empty suggest
2020/11/01 20:44:02 completion.go:51: prompter: Filtered List of Suggestions: "{ACL LOAD } {ACL LOG [ count or RESET ] } Length: 2"
2020/11/01 20:44:02 completion.go:60: prompter: Replaced Text: LOAD 
2020/11/01 20:44:02 completion.go:60: prompter: Replaced Text: LOG 
2020/11/01 20:44:02 completion.go:68: prompter: Full Input: ACL LO, Current Word: LO, Prefix: ACL, IsSpaced: true, Filtered Suggestions: "{LOAD } {LOG [ count or RESET ] } Length: 2"
2020/11/01 20:44:03 completion.go:51: prompter: Filtered List of Suggestions: "{ACL LOAD } {ACL LOG [ count or RESET ] } Length: 2"
2020/11/01 20:44:03 completion.go:60: prompter: Replaced Text: LOAD 
2020/11/01 20:44:03 completion.go:60: prompter: Replaced Text: LOG 
2020/11/01 20:44:03 completion.go:68: prompter: Full Input: ACL LO, Current Word: LO, Prefix: ACL, IsSpaced: true, Filtered Suggestions: "{LOAD } {LOG [ count or RESET ] } Length: 2"
2020/11/01 20:44:04 completion.go:51: prompter: Filtered List of Suggestions: "{ACL LOAD } {ACL LOG [ count or RESET ] } Length: 2"
2020/11/01 20:44:04 completion.go:60: prompter: Replaced Text: LOAD 
2020/11/01 20:44:04 completion.go:60: prompter: Replaced Text: LOG 
2020/11/01 20:44:04 completion.go:68: prompter: Full Input: ACL LO, Current Word: LO, Prefix: ACL, IsSpaced: true, Filtered Suggestions: "{LOAD } {LOG [ count or RESET ] } Length: 2"
2020/11/01 20:44:04 completion.go:40: prompter: Input empty returning empty suggest
2020/11/01 20:44:04 completion.go:40: prompter: Input empty returning empty suggest
2020/11/01 20:44:05 completion.go:40: prompter: Input empty returning empty suggest
